\BOOKMARK [1][-]{section.1}{\376\377\000L\000e\000a\000r\000n\000i\000n\000g\000\040\000o\000u\000t\000c\000o\000m\000e\000s}{}% 1
\BOOKMARK [1][-]{section.2}{\376\377\000I\000n\000t\000r\000o\000d\000u\000c\000t\000i\000o\000n}{}% 2
\BOOKMARK [2][-]{subsection.2.1}{\376\377\000Q\000u\000i\000z\000:\000\040\000W\000h\000a\000t\000\040\000d\000o\000\040\000w\000e\000\040\000a\000l\000r\000e\000a\000d\000y\000\040\000k\000n\000o\000w\000\040\000a\000b\000o\000u\000t\000\040\000s\000i\000m\000p\000l\000e\000\040\000l\000i\000n\000e\000a\000r\000\040\000r\000e\000g\000r\000e\000s\000s\000i\000o\000n\000?}{section.2}% 3
\BOOKMARK [2][-]{subsection.2.2}{\376\377\000Q\000u\000i\000z\000:\000\040\000R\000e\000g\000r\000e\000s\000s\000i\000o\000n\000\040\000m\000o\000d\000e\000l\000\040\000p\000a\000r\000a\000m\000e\000t\000e\000r\000s}{section.2}% 4
\BOOKMARK [1][-]{section.3}{\376\377\000E\000s\000t\000i\000m\000a\000t\000i\000n\000g\000\040\000m\000o\000d\000e\000l\000\040\000c\000o\000e\000f\000f\000i\000c\000i\000e\000n\000t\000s}{}% 5
\BOOKMARK [1][-]{section.4}{\376\377\000H\000y\000p\000o\000t\000h\000e\000s\000i\000s\000\040\000t\000e\000s\000t\000i\000n\000g}{}% 6
\BOOKMARK [2][-]{subsection.4.1}{\376\377\000A\000c\000c\000u\000r\000a\000c\000y\000\040\000o\000f\000\040\000t\000h\000e\000\040\000c\000o\000e\000f\000f\000i\000c\000i\000e\000n\000t\000\040\000e\000s\000t\000i\000m\000a\000t\000e\000s}{section.4}% 7
\BOOKMARK [2][-]{subsection.4.2}{\376\377\000C\000o\000n\000f\000i\000d\000e\000n\000c\000e\000\040\000i\000n\000t\000e\000r\000v\000a\000l}{section.4}% 8
\BOOKMARK [2][-]{subsection.4.3}{\376\377\000H\000y\000p\000o\000t\000h\000e\000s\000i\000s\000\040\000t\000e\000s\000t\000i\000n\000g}{section.4}% 9
\BOOKMARK [2][-]{subsection.4.4}{\376\377\000L\000i\000v\000e\000\040\000c\000o\000d\000i\000n\000g\000\040\000d\000e\000m\000o}{section.4}% 10
\BOOKMARK [1][-]{section.5}{\376\377\000P\000r\000e\000d\000i\000c\000t\000i\000o\000n}{}% 11
\BOOKMARK [2][-]{subsection.5.1}{\376\377\000P\000r\000e\000d\000i\000c\000t\000i\000o\000n\000\040\000i\000n\000t\000e\000r\000v\000a\000l}{section.5}% 12
\BOOKMARK [2][-]{subsection.5.2}{\376\377\000L\000i\000v\000e\000\040\000c\000o\000d\000i\000n\000g\000\040\000d\000e\000m\000o}{section.5}% 13
\BOOKMARK [1][-]{section.6}{\376\377\000A\000s\000e\000s\000s\000s\000i\000n\000g\000\040\000t\000h\000e\000\040\000A\000c\000c\000u\000r\000a\000c\000y\000\040\000o\000f\000\040\000t\000h\000e\000\040\000M\000o\000d\000e\000l\000\040\000\046\000\040\000C\000o\000r\000r\000e\000l\000a\000t\000i\000o\000n}{}% 14
\BOOKMARK [2][-]{subsection.6.1}{\376\377\000R\000S\000E\000,\000\040\000R\000e\000s\000i\000d\000u\000a\000l\000\040\000s\000t\000a\000n\000d\000a\000r\000d\000\040\000e\000r\000r\000o\000r}{section.6}% 15
\BOOKMARK [2][-]{subsection.6.2}{\376\377\000R\000\136\0002\000\040\000s\000t\000a\000t\000i\000s\000t\000i\000c\000s}{section.6}% 16
\BOOKMARK [2][-]{subsection.6.3}{\376\377\000C\000o\000r\000r\000e\000l\000a\000t\000i\000o\000n}{section.6}% 17
\BOOKMARK [1][-]{section.7}{\376\377\000A\000s\000s\000u\000m\000p\000t\000i\000o\000n\000s}{}% 18
\BOOKMARK [2][-]{subsection.7.1}{\376\377\000L\000i\000v\000e\000\040\000c\000o\000d\000i\000n\000g\000\040\000d\000e\000m\000o}{section.7}% 19
\BOOKMARK [1][-]{section.8}{\376\377\000B\000e\000y\000o\000n\000d}{}% 20
